/Users/arthur/Library/Mobile Documents/com~apple~CloudDocs/Cours/ECN6338/Devoir à rendre/projet Avec critique/train.py:85: DeprecationWarning: Conversion of an array with ndim > 0 to a scalar is deprecated, and will error in future. Ensure you extract a single element from your array before performing this operation. (Deprecated NumPy 1.25.)
  u = np.array(u_vals, dtype=np.float32).flatten()
TypeError: only length-1 arrays can be converted to Python scalars

The above exception was the direct cause of the following exception:

Traceback (most recent call last):
  File "/Users/arthur/Library/Mobile Documents/com~apple~CloudDocs/Cours/ECN6338/Devoir à rendre/projet Avec critique/train.py", line 355, in <module>
    master_val, follower_val, iteration, start_time = solve(u_vals, t_vals, B_val, cfg)
                                                      ~~~~~^^^^^^^^^^^^^^^^^^^^^^^^^^^^
  File "/Users/arthur/Library/Mobile Documents/com~apple~CloudDocs/Cours/ECN6338/Devoir à rendre/projet Avec critique/train.py", line 85, in solve
    u = np.array(u_vals, dtype=np.float32).flatten()
        ~~~~~~~~^^^^^^^^^^^^^^^^^^^^^^^^^^
ValueError: setting an array element with a sequence.
